INFO:werkzeug:[31m[1mWARNING: This is a development server. Do not use it in a production deployment. Use a production WSGI server instead.[0m
 * Running on http://127.0.0.1:8080
INFO:werkzeug:[33mPress CTRL+C to quit[0m
INFO:werkzeug: * Restarting with stat
WARNING:werkzeug: * Debugger is active!
INFO:werkzeug: * Debugger PIN: 121-353-822
INFO:werkzeug:127.0.0.1 - - [02/May/2024 19:20:36] "GET / HTTP/1.1" 200 -
INFO:werkzeug:127.0.0.1 - - [02/May/2024 19:20:36] "[33mGET /favicon.ico HTTP/1.1[0m" 404 -
INFO:werkzeug: * Detected change in '/Users/pedrolima/My Drive/UNI/BD/Projeto/bd2024/main.py', reloading
INFO:werkzeug: * Restarting with stat
INFO:werkzeug:[31m[1mWARNING: This is a development server. Do not use it in a production deployment. Use a production WSGI server instead.[0m
 * Running on http://127.0.0.1:8080
INFO:werkzeug:[33mPress CTRL+C to quit[0m
INFO:werkzeug: * Restarting with stat
WARNING:werkzeug: * Debugger is active!
INFO:werkzeug: * Debugger PIN: 121-353-822
INFO:werkzeug:127.0.0.1 - - [02/May/2024 19:35:11] "[33mGET /register/unicornio HTTP/1.1[0m" 404 -
INFO:werkzeug:127.0.0.1 - - [02/May/2024 19:40:41] "[33mPOST /register HTTP/1.1[0m" 404 -
INFO:werkzeug: * Detected change in '/Users/pedrolima/My Drive/UNI/BD/Projeto/bd2024/main.py', reloading
INFO:werkzeug: * Restarting with stat
WARNING:werkzeug: * Debugger is active!
INFO:werkzeug: * Debugger PIN: 121-353-822
INFO:werkzeug: * Detected change in '/Users/pedrolima/My Drive/UNI/BD/Projeto/bd2024/main.py', reloading
INFO:werkzeug: * Restarting with stat
WARNING:werkzeug: * Debugger is active!
INFO:werkzeug: * Debugger PIN: 121-353-822
INFO:werkzeug: * Detected change in '/Users/pedrolima/My Drive/UNI/BD/Projeto/bd2024/main.py', reloading
INFO:werkzeug: * Restarting with stat
WARNING:werkzeug: * Debugger is active!
INFO:werkzeug: * Debugger PIN: 121-353-822
INFO:werkzeug: * Detected change in '/Users/pedrolima/My Drive/UNI/BD/Projeto/bd2024/main.py', reloading
INFO:werkzeug: * Restarting with stat
WARNING:werkzeug: * Debugger is active!
INFO:werkzeug: * Debugger PIN: 121-353-822
